<!DOCTYPE html>
<html>
<head>
    <title>Test report</title>
    <meta charset="utf-8">
    <meta name="viewport" content="width=device-width, initial-scale=1.0">
    <link rel="stylesheet" href="https://maxcdn.bootstrapcdn.com/bootstrap/3.3.6/css/bootstrap.min.css" integrity="sha384-1q8mTJOASx8j1Au+a5WDVnPi2lkFfwwEAa8hDDdjZlpLegxhjVME1fgjWPGmkzs7" crossorigin="anonymous">
</head>
<body>
    <div class="container">
        <div class="row">
            <div class="col-xs-12">
                <h2 class="text-capitalize">Test report</h2>
                <p class='attribute'><strong>Start Time: </strong>2023-03-26 01:45:43</p>
                <p class='attribute'><strong>Duration: </strong>22.02 s</p>
                <p class='attribute'><strong>Summary: </strong>Total: 4, Pass: 0, Error: 4</p>
            </div>
        </div>
        <div class="row">
            <div class="col-xs-12 col-sm-10 col-md-10">
                <table class='table table-hover table-responsive'>
                    <thead>
                        <tr>
                            <th>pom.tests.test_forgot_password_page.TestForgotPasswordPage</th>
                            <th>Status</th>
                            <th></th>
                        </tr>
                    </thead>
                    <tbody>
                        <tr class='warning'>
                            <td class="col-xs-10">test_clear_email_input</td>
                            <td class="col-xs-1">
                                <span class="label label-warning" style="display:block;width:40px;">Error</span>
                            </td>
                            <td class="col-xs-1">
                                <button class="btn btn-default btn-xs">View</button>
                            </td>
                        </tr>
                        <tr style="display:none;">
                            <td class="col-xs-9" colspan="3"><p style="color:maroon;">NoSuchElementException: Message: no such element: Unable to locate element: {"method":"css selector","selector":"[id="Email-error"]"}
  (Session info: chrome=111.0.5563.111)
Stacktrace:
Backtrace:
	(No symbol) [0x00F7DCE3]
	(No symbol) [0x00F139D1]
	(No symbol) [0x00E24DA8]
	(No symbol) [0x00E5019F]
	(No symbol) [0x00E503AB]
	(No symbol) [0x00E7EE62]
	(No symbol) [0x00E6AF14]
	(No symbol) [0x00E7D57C]
	(No symbol) [0x00E6ACC6]
	(No symbol) [0x00E46F68]
	(No symbol) [0x00E480CD]
	GetHandleVerifier [0x011F3832+2506274]
	GetHandleVerifier [0x01229794+2727300]
	GetHandleVerifier [0x0122E36C+2746716]
	GetHandleVerifier [0x01026690+617600]
	(No symbol) [0x00F1C712]
	(No symbol) [0x00F21FF8]
	(No symbol) [0x00F220DB]
	(No symbol) [0x00F2C63B]
	BaseThreadInitThunk [0x760A00F9+25]
	RtlGetAppContainerNamedObjectPath [0x77807BBE+286]
	RtlGetAppContainerNamedObjectPath [0x77807B8E+238]
</p><p style="color:maroon;">Traceback (most recent call last):
  File "D:\ITF\TA\Git\cursuri_ta41\pom\tests\test_forgot_password_page.py", line 32, in test_clear_email_input
    self.assertTrue(self.forgot_password_page.is_email_error_message_displayed(), "Error message not displayed")
                    ^^^^^^^^^^^^^^^^^^^^^^^^^^^^^^^^^^^^^^^^^^^^^^^^^^^^^^^^^^^^
  File "D:\ITF\TA\Git\cursuri_ta41\pom\pages\forgot_password_page.py", line 19, in is_email_error_message_displayed
    return self.is_element_displayed(self.ERROR_MESSAGE_EMAIL)
           ^^^^^^^^^^^^^^^^^^^^^^^^^^^^^^^^^^^^^^^^^^^^^^^^^^^
  File "D:\ITF\TA\Git\cursuri_ta41\pom\pages\base_page.py", line 30, in is_element_displayed
    return self.find(locator).is_displayed()
           ^^^^^^^^^^^^^^^^^^
  File "D:\ITF\TA\Git\cursuri_ta41\pom\pages\base_page.py", line 21, in find
    return self.driver.find_element(*locator)
           ^^^^^^^^^^^^^^^^^^^^^^^^^^^^^^^^^^
  File "D:\ITF\TA\Git\cursuri_ta41\venv\Lib\site-packages\selenium\webdriver\remote\webdriver.py", line 830, in find_element
    return self.execute(Command.FIND_ELEMENT, {"using": by, "value": value})["value"]
           ^^^^^^^^^^^^^^^^^^^^^^^^^^^^^^^^^^^^^^^^^^^^^^^^^^^^^^^^^^^^^^^^^
  File "D:\ITF\TA\Git\cursuri_ta41\venv\Lib\site-packages\selenium\webdriver\remote\webdriver.py", line 440, in execute
    self.error_handler.check_response(response)
  File "D:\ITF\TA\Git\cursuri_ta41\venv\Lib\site-packages\selenium\webdriver\remote\errorhandler.py", line 245, in check_response
    raise exception_class(message, screen, stacktrace)
selenium.common.exceptions.NoSuchElementException: Message: no such element: Unable to locate element: {"method":"css selector","selector":"[id="Email-error"]"}
  (Session info: chrome=111.0.5563.111)
Stacktrace:
Backtrace:
	(No symbol) [0x00F7DCE3]
	(No symbol) [0x00F139D1]
	(No symbol) [0x00E24DA8]
	(No symbol) [0x00E5019F]
	(No symbol) [0x00E503AB]
	(No symbol) [0x00E7EE62]
	(No symbol) [0x00E6AF14]
	(No symbol) [0x00E7D57C]
	(No symbol) [0x00E6ACC6]
	(No symbol) [0x00E46F68]
	(No symbol) [0x00E480CD]
	GetHandleVerifier [0x011F3832+2506274]
	GetHandleVerifier [0x01229794+2727300]
	GetHandleVerifier [0x0122E36C+2746716]
	GetHandleVerifier [0x01026690+617600]
	(No symbol) [0x00F1C712]
	(No symbol) [0x00F21FF8]
	(No symbol) [0x00F220DB]
	(No symbol) [0x00F2C63B]
	BaseThreadInitThunk [0x760A00F9+25]
	RtlGetAppContainerNamedObjectPath [0x77807BBE+286]
	RtlGetAppContainerNamedObjectPath [0x77807B8E+238]

</p>
                            </td>
                        </tr>
                        <tr class='warning'>
                            <td class="col-xs-10">test_insert_wrong_email</td>
                            <td class="col-xs-1">
                                <span class="label label-warning" style="display:block;width:40px;">Error</span>
                            </td>
                            <td class="col-xs-1">
                                <button class="btn btn-default btn-xs">View</button>
                            </td>
                        </tr>
                        <tr style="display:none;">
                            <td class="col-xs-9" colspan="3"><p style="color:maroon;">NoSuchElementException: Message: no such element: Unable to locate element: {"method":"css selector","selector":"[id="Email-error"]"}
  (Session info: chrome=111.0.5563.111)
Stacktrace:
Backtrace:
	(No symbol) [0x00F7DCE3]
	(No symbol) [0x00F139D1]
	(No symbol) [0x00E24DA8]
	(No symbol) [0x00E5019F]
	(No symbol) [0x00E503AB]
	(No symbol) [0x00E7EE62]
	(No symbol) [0x00E6AF14]
	(No symbol) [0x00E7D57C]
	(No symbol) [0x00E6ACC6]
	(No symbol) [0x00E46F68]
	(No symbol) [0x00E480CD]
	GetHandleVerifier [0x011F3832+2506274]
	GetHandleVerifier [0x01229794+2727300]
	GetHandleVerifier [0x0122E36C+2746716]
	GetHandleVerifier [0x01026690+617600]
	(No symbol) [0x00F1C712]
	(No symbol) [0x00F21FF8]
	(No symbol) [0x00F220DB]
	(No symbol) [0x00F2C63B]
	BaseThreadInitThunk [0x760A00F9+25]
	RtlGetAppContainerNamedObjectPath [0x77807BBE+286]
	RtlGetAppContainerNamedObjectPath [0x77807B8E+238]
</p><p style="color:maroon;">Traceback (most recent call last):
  File "D:\ITF\TA\Git\cursuri_ta41\pom\tests\test_forgot_password_page.py", line 25, in test_insert_wrong_email
    self.assertTrue(self.forgot_password_page.is_email_error_message_displayed(), "Error message not displayed")
                    ^^^^^^^^^^^^^^^^^^^^^^^^^^^^^^^^^^^^^^^^^^^^^^^^^^^^^^^^^^^^
  File "D:\ITF\TA\Git\cursuri_ta41\pom\pages\forgot_password_page.py", line 19, in is_email_error_message_displayed
    return self.is_element_displayed(self.ERROR_MESSAGE_EMAIL)
           ^^^^^^^^^^^^^^^^^^^^^^^^^^^^^^^^^^^^^^^^^^^^^^^^^^^
  File "D:\ITF\TA\Git\cursuri_ta41\pom\pages\base_page.py", line 30, in is_element_displayed
    return self.find(locator).is_displayed()
           ^^^^^^^^^^^^^^^^^^
  File "D:\ITF\TA\Git\cursuri_ta41\pom\pages\base_page.py", line 21, in find
    return self.driver.find_element(*locator)
           ^^^^^^^^^^^^^^^^^^^^^^^^^^^^^^^^^^
  File "D:\ITF\TA\Git\cursuri_ta41\venv\Lib\site-packages\selenium\webdriver\remote\webdriver.py", line 830, in find_element
    return self.execute(Command.FIND_ELEMENT, {"using": by, "value": value})["value"]
           ^^^^^^^^^^^^^^^^^^^^^^^^^^^^^^^^^^^^^^^^^^^^^^^^^^^^^^^^^^^^^^^^^
  File "D:\ITF\TA\Git\cursuri_ta41\venv\Lib\site-packages\selenium\webdriver\remote\webdriver.py", line 440, in execute
    self.error_handler.check_response(response)
  File "D:\ITF\TA\Git\cursuri_ta41\venv\Lib\site-packages\selenium\webdriver\remote\errorhandler.py", line 245, in check_response
    raise exception_class(message, screen, stacktrace)
selenium.common.exceptions.NoSuchElementException: Message: no such element: Unable to locate element: {"method":"css selector","selector":"[id="Email-error"]"}
  (Session info: chrome=111.0.5563.111)
Stacktrace:
Backtrace:
	(No symbol) [0x00F7DCE3]
	(No symbol) [0x00F139D1]
	(No symbol) [0x00E24DA8]
	(No symbol) [0x00E5019F]
	(No symbol) [0x00E503AB]
	(No symbol) [0x00E7EE62]
	(No symbol) [0x00E6AF14]
	(No symbol) [0x00E7D57C]
	(No symbol) [0x00E6ACC6]
	(No symbol) [0x00E46F68]
	(No symbol) [0x00E480CD]
	GetHandleVerifier [0x011F3832+2506274]
	GetHandleVerifier [0x01229794+2727300]
	GetHandleVerifier [0x0122E36C+2746716]
	GetHandleVerifier [0x01026690+617600]
	(No symbol) [0x00F1C712]
	(No symbol) [0x00F21FF8]
	(No symbol) [0x00F220DB]
	(No symbol) [0x00F2C63B]
	BaseThreadInitThunk [0x760A00F9+25]
	RtlGetAppContainerNamedObjectPath [0x77807BBE+286]
	RtlGetAppContainerNamedObjectPath [0x77807B8E+238]

</p>
                            </td>
                        </tr>
                        <tr>
                            <td colspan="3">
                                Total: 2, Pass: 0, Error: 2 -- Duration: 22.02 s
                            </td>
                        </tr>
                    </tbody>
                </table>
            </div>
        </div>
        <div class="row">
            <div class="col-xs-12 col-sm-10 col-md-10">
                <table class='table table-hover table-responsive'>
                    <thead>
                        <tr>
                            <th>pom.tests.test_login_page.TestLoginPage</th>
                            <th>Status</th>
                            <th></th>
                        </tr>
                    </thead>
                    <tbody>
                        <tr class='warning'>
                            <td class="col-xs-10">test_login_with_empty_email_and_pass</td>
                            <td class="col-xs-1">
                                <span class="label label-warning" style="display:block;width:40px;">Error</span>
                            </td>
                            <td class="col-xs-1">
                                <button class="btn btn-default btn-xs">View</button>
                            </td>
                        </tr>
                        <tr style="display:none;">
                            <td class="col-xs-9" colspan="3"><p style="color:maroon;">AttributeError: 'TestLoginPage' object has no attribute 'driver'</p><p style="color:maroon;">Traceback (most recent call last):
  File "D:\ITF\TA\Git\cursuri_ta41\pom\tests\test_login_page.py", line 15, in setUp
    self.login_page = LoginPage(self.driver)
                                ^^^^^^^^^^^
AttributeError: 'TestLoginPage' object has no attribute 'driver'
</p>
                            </td>
                        </tr>
                        <tr class='warning'>
                            <td class="col-xs-10">test_login_with_unregistered_email</td>
                            <td class="col-xs-1">
                                <span class="label label-warning" style="display:block;width:40px;">Error</span>
                            </td>
                            <td class="col-xs-1">
                                <button class="btn btn-default btn-xs">View</button>
                            </td>
                        </tr>
                        <tr style="display:none;">
                            <td class="col-xs-9" colspan="3"><p style="color:maroon;">AttributeError: 'TestLoginPage' object has no attribute 'driver'</p><p style="color:maroon;">Traceback (most recent call last):
  File "D:\ITF\TA\Git\cursuri_ta41\pom\tests\test_login_page.py", line 15, in setUp
    self.login_page = LoginPage(self.driver)
                                ^^^^^^^^^^^
AttributeError: 'TestLoginPage' object has no attribute 'driver'
</p>
                            </td>
                        </tr>
                        <tr>
                            <td colspan="3">
                                Total: 2, Pass: 0, Error: 2 -- Duration: 1 ms
                            </td>
                        </tr>
                    </tbody>
                </table>
            </div>
        </div>
    </div>
    <script src="https://ajax.googleapis.com/ajax/libs/jquery/2.2.4/jquery.min.js"></script>
    <script type="text/javascript">
        $(document).ready(function(){
            $('td').on('click', '.btn', function(e){
                e.preventDefault();
                e.stopImmediatePropagation();
                var $this = $(this);
                var $nextRow = $this.closest('tr').next('tr');
                $nextRow.slideToggle("fast");
                $this.text(function(i, text){
                    if (text === 'View') {
                        return 'Hide';
                    } else {
                        return 'View';
                    };
                });
            });
        });
    </script>
</body>
</html