<!DOCTYPE html>
<html>
<head>
    <title>Test report</title>
    <meta charset="utf-8">
    <meta name="viewport" content="width=device-width, initial-scale=1.0">
    <link rel="stylesheet" href="https://maxcdn.bootstrapcdn.com/bootstrap/3.3.6/css/bootstrap.min.css" integrity="sha384-1q8mTJOASx8j1Au+a5WDVnPi2lkFfwwEAa8hDDdjZlpLegxhjVME1fgjWPGmkzs7" crossorigin="anonymous">
</head>
<body>
    <div class="container">
        <div class="row">
            <div class="col-xs-12">
                <h2 class="text-capitalize">Test report</h2>
                <p class='attribute'><strong>Start Time: </strong>2023-03-26 01:05:44</p>
                <p class='attribute'><strong>Duration: </strong>26.88 s</p>
                <p class='attribute'><strong>Summary: </strong>Total: 4, Pass: 2, Error: 2</p>
            </div>
        </div>
        <div class="row">
            <div class="col-xs-12 col-sm-10 col-md-10">
                <table class='table table-hover table-responsive'>
                    <thead>
                        <tr>
                            <th>pom.tests.test_login_page.TestLoginPage</th>
                            <th>Status</th>
                            <th></th>
                        </tr>
                    </thead>
                    <tbody>
                        <tr class='success'>
                            <td class="col-xs-10">test_login_with_empty_email_and_pass</td>
                            <td class="col-xs-1">
                                <span class="label label-success" style="display:block;width:40px;">Pass</span>
                            </td>
                            <td class="col-xs-1">
                            </td>
                        </tr>
                        <tr class='success'>
                            <td class="col-xs-10">test_login_with_unregistered_email</td>
                            <td class="col-xs-1">
                                <span class="label label-success" style="display:block;width:40px;">Pass</span>
                            </td>
                            <td class="col-xs-1">
                            </td>
                        </tr>
                        <tr>
                            <td colspan="3">
                                Total: 2, Pass: 2 -- Duration: 14.72 s
                            </td>
                        </tr>
                    </tbody>
                </table>
            </div>
        </div>
        <div class="row">
            <div class="col-xs-12 col-sm-10 col-md-10">
                <table class='table table-hover table-responsive'>
                    <thead>
                        <tr>
                            <th>pom.tests.test_forgot_password_page.TestForgotPasswordPage</th>
                            <th>Status</th>
                            <th></th>
                        </tr>
                    </thead>
                    <tbody>
                        <tr class='warning'>
                            <td class="col-xs-10">test_clear_email_input</td>
                            <td class="col-xs-1">
                                <span class="label label-warning" style="display:block;width:40px;">Error</span>
                            </td>
                            <td class="col-xs-1">
                                <button class="btn btn-default btn-xs">View</button>
                            </td>
                        </tr>
                        <tr style="display:none;">
                            <td class="col-xs-9" colspan="3"><p style="color:maroon;">NoSuchElementException: Message: no such element: Unable to locate element: {"method":"xpath","selector":"//a[text()='Forgot password?']"}
  (Session info: chrome=111.0.5563.111)
Stacktrace:
Backtrace:
	(No symbol) [0x0093DCE3]
	(No symbol) [0x008D39D1]
	(No symbol) [0x007E4DA8]
	(No symbol) [0x0081019F]
	(No symbol) [0x008103AB]
	(No symbol) [0x0083EE62]
	(No symbol) [0x0082AF14]
	(No symbol) [0x0083D57C]
	(No symbol) [0x0082ACC6]
	(No symbol) [0x00806F68]
	(No symbol) [0x008080CD]
	GetHandleVerifier [0x00BB3832+2506274]
	GetHandleVerifier [0x00BE9794+2727300]
	GetHandleVerifier [0x00BEE36C+2746716]
	GetHandleVerifier [0x009E6690+617600]
	(No symbol) [0x008DC712]
	(No symbol) [0x008E1FF8]
	(No symbol) [0x008E20DB]
	(No symbol) [0x008EC63B]
	BaseThreadInitThunk [0x760A00F9+25]
	RtlGetAppContainerNamedObjectPath [0x77807BBE+286]
	RtlGetAppContainerNamedObjectPath [0x77807B8E+238]
</p><p style="color:maroon;">Traceback (most recent call last):
  File "D:\ITF\TA\Git\cursuri_ta41\pom\tests\test_forgot_password_page.py", line 14, in setUp
    self.login_page.click_forgot_password_link()
  File "D:\ITF\TA\Git\cursuri_ta41\pom\pages\login_page.py", line 30, in click_forgot_password_link
    self.click(self.FORGOT_PASSWORD_LINK)
  File "D:\ITF\TA\Git\cursuri_ta41\pom\pages\base_page.py", line 23, in click
    return self.find(locator).click()
           ^^^^^^^^^^^^^^^^^^
  File "D:\ITF\TA\Git\cursuri_ta41\pom\pages\base_page.py", line 20, in find
    return self.driver.find_element(*locator)
           ^^^^^^^^^^^^^^^^^^^^^^^^^^^^^^^^^^
  File "D:\ITF\TA\Git\cursuri_ta41\venv\Lib\site-packages\selenium\webdriver\remote\webdriver.py", line 830, in find_element
    return self.execute(Command.FIND_ELEMENT, {"using": by, "value": value})["value"]
           ^^^^^^^^^^^^^^^^^^^^^^^^^^^^^^^^^^^^^^^^^^^^^^^^^^^^^^^^^^^^^^^^^
  File "D:\ITF\TA\Git\cursuri_ta41\venv\Lib\site-packages\selenium\webdriver\remote\webdriver.py", line 440, in execute
    self.error_handler.check_response(response)
  File "D:\ITF\TA\Git\cursuri_ta41\venv\Lib\site-packages\selenium\webdriver\remote\errorhandler.py", line 245, in check_response
    raise exception_class(message, screen, stacktrace)
selenium.common.exceptions.NoSuchElementException: Message: no such element: Unable to locate element: {"method":"xpath","selector":"//a[text()='Forgot password?']"}
  (Session info: chrome=111.0.5563.111)
Stacktrace:
Backtrace:
	(No symbol) [0x0093DCE3]
	(No symbol) [0x008D39D1]
	(No symbol) [0x007E4DA8]
	(No symbol) [0x0081019F]
	(No symbol) [0x008103AB]
	(No symbol) [0x0083EE62]
	(No symbol) [0x0082AF14]
	(No symbol) [0x0083D57C]
	(No symbol) [0x0082ACC6]
	(No symbol) [0x00806F68]
	(No symbol) [0x008080CD]
	GetHandleVerifier [0x00BB3832+2506274]
	GetHandleVerifier [0x00BE9794+2727300]
	GetHandleVerifier [0x00BEE36C+2746716]
	GetHandleVerifier [0x009E6690+617600]
	(No symbol) [0x008DC712]
	(No symbol) [0x008E1FF8]
	(No symbol) [0x008E20DB]
	(No symbol) [0x008EC63B]
	BaseThreadInitThunk [0x760A00F9+25]
	RtlGetAppContainerNamedObjectPath [0x77807BBE+286]
	RtlGetAppContainerNamedObjectPath [0x77807B8E+238]

</p>
                            </td>
                        </tr>
                        <tr class='warning'>
                            <td class="col-xs-10">test_insert_wrong_email</td>
                            <td class="col-xs-1">
                                <span class="label label-warning" style="display:block;width:40px;">Error</span>
                            </td>
                            <td class="col-xs-1">
                                <button class="btn btn-default btn-xs">View</button>
                            </td>
                        </tr>
                        <tr style="display:none;">
                            <td class="col-xs-9" colspan="3"><p style="color:maroon;">NoSuchElementException: Message: no such element: Unable to locate element: {"method":"xpath","selector":"//a[text()='Forgot password?']"}
  (Session info: chrome=111.0.5563.111)
Stacktrace:
Backtrace:
	(No symbol) [0x0093DCE3]
	(No symbol) [0x008D39D1]
	(No symbol) [0x007E4DA8]
	(No symbol) [0x0081019F]
	(No symbol) [0x008103AB]
	(No symbol) [0x0083EE62]
	(No symbol) [0x0082AF14]
	(No symbol) [0x0083D57C]
	(No symbol) [0x0082ACC6]
	(No symbol) [0x00806F68]
	(No symbol) [0x008080CD]
	GetHandleVerifier [0x00BB3832+2506274]
	GetHandleVerifier [0x00BE9794+2727300]
	GetHandleVerifier [0x00BEE36C+2746716]
	GetHandleVerifier [0x009E6690+617600]
	(No symbol) [0x008DC712]
	(No symbol) [0x008E1FF8]
	(No symbol) [0x008E20DB]
	(No symbol) [0x008EC63B]
	BaseThreadInitThunk [0x760A00F9+25]
	RtlGetAppContainerNamedObjectPath [0x77807BBE+286]
	RtlGetAppContainerNamedObjectPath [0x77807B8E+238]
</p><p style="color:maroon;">Traceback (most recent call last):
  File "D:\ITF\TA\Git\cursuri_ta41\pom\tests\test_forgot_password_page.py", line 14, in setUp
    self.login_page.click_forgot_password_link()
  File "D:\ITF\TA\Git\cursuri_ta41\pom\pages\login_page.py", line 30, in click_forgot_password_link
    self.click(self.FORGOT_PASSWORD_LINK)
  File "D:\ITF\TA\Git\cursuri_ta41\pom\pages\base_page.py", line 23, in click
    return self.find(locator).click()
           ^^^^^^^^^^^^^^^^^^
  File "D:\ITF\TA\Git\cursuri_ta41\pom\pages\base_page.py", line 20, in find
    return self.driver.find_element(*locator)
           ^^^^^^^^^^^^^^^^^^^^^^^^^^^^^^^^^^
  File "D:\ITF\TA\Git\cursuri_ta41\venv\Lib\site-packages\selenium\webdriver\remote\webdriver.py", line 830, in find_element
    return self.execute(Command.FIND_ELEMENT, {"using": by, "value": value})["value"]
           ^^^^^^^^^^^^^^^^^^^^^^^^^^^^^^^^^^^^^^^^^^^^^^^^^^^^^^^^^^^^^^^^^
  File "D:\ITF\TA\Git\cursuri_ta41\venv\Lib\site-packages\selenium\webdriver\remote\webdriver.py", line 440, in execute
    self.error_handler.check_response(response)
  File "D:\ITF\TA\Git\cursuri_ta41\venv\Lib\site-packages\selenium\webdriver\remote\errorhandler.py", line 245, in check_response
    raise exception_class(message, screen, stacktrace)
selenium.common.exceptions.NoSuchElementException: Message: no such element: Unable to locate element: {"method":"xpath","selector":"//a[text()='Forgot password?']"}
  (Session info: chrome=111.0.5563.111)
Stacktrace:
Backtrace:
	(No symbol) [0x0093DCE3]
	(No symbol) [0x008D39D1]
	(No symbol) [0x007E4DA8]
	(No symbol) [0x0081019F]
	(No symbol) [0x008103AB]
	(No symbol) [0x0083EE62]
	(No symbol) [0x0082AF14]
	(No symbol) [0x0083D57C]
	(No symbol) [0x0082ACC6]
	(No symbol) [0x00806F68]
	(No symbol) [0x008080CD]
	GetHandleVerifier [0x00BB3832+2506274]
	GetHandleVerifier [0x00BE9794+2727300]
	GetHandleVerifier [0x00BEE36C+2746716]
	GetHandleVerifier [0x009E6690+617600]
	(No symbol) [0x008DC712]
	(No symbol) [0x008E1FF8]
	(No symbol) [0x008E20DB]
	(No symbol) [0x008EC63B]
	BaseThreadInitThunk [0x760A00F9+25]
	RtlGetAppContainerNamedObjectPath [0x77807BBE+286]
	RtlGetAppContainerNamedObjectPath [0x77807B8E+238]

</p>
                            </td>
                        </tr>
                        <tr>
                            <td colspan="3">
                                Total: 2, Pass: 0, Error: 2 -- Duration: 12.16 s
                            </td>
                        </tr>
                    </tbody>
                </table>
            </div>
        </div>
    </div>
    <script src="https://ajax.googleapis.com/ajax/libs/jquery/2.2.4/jquery.min.js"></script>
    <script type="text/javascript">
        $(document).ready(function(){
            $('td').on('click', '.btn', function(e){
                e.preventDefault();
                e.stopImmediatePropagation();
                var $this = $(this);
                var $nextRow = $this.closest('tr').next('tr');
                $nextRow.slideToggle("fast");
                $this.text(function(i, text){
                    if (text === 'View') {
                        return 'Hide';
                    } else {
                        return 'View';
                    };
                });
            });
        });
    </script>
</body>
</html